[0.261s] Invoking command in '/home/dsu-aiml-509-37/rover_project/src/my_package': PYTHONPATH=/home/dsu-aiml-509-37/rover_project/build/my_package/prefix_override:/usr/lib/python3/dist-packages/colcon_core/task/python/colcon_distutils_commands:/home/dsu-aiml-509-37/rover_project/install/my_package/lib/python3.10/site-packages:${PYTHONPATH} /usr/bin/python3 -W ignore:setup.py install is deprecated setup.py egg_info --egg-base ../../build/my_package build --build-base /home/dsu-aiml-509-37/rover_project/build/my_package/build install --record /home/dsu-aiml-509-37/rover_project/build/my_package/install.log --single-version-externally-managed install_data
[0.361s] running egg_info
[0.361s] creating ../../build/my_package/my_package.egg-info
[0.361s] writing ../../build/my_package/my_package.egg-info/PKG-INFO
[0.361s] writing dependency_links to ../../build/my_package/my_package.egg-info/dependency_links.txt
[0.361s] writing entry points to ../../build/my_package/my_package.egg-info/entry_points.txt
[0.361s] writing requirements to ../../build/my_package/my_package.egg-info/requires.txt
[0.361s] writing top-level names to ../../build/my_package/my_package.egg-info/top_level.txt
[0.361s] writing manifest file '../../build/my_package/my_package.egg-info/SOURCES.txt'
[0.362s] reading manifest file '../../build/my_package/my_package.egg-info/SOURCES.txt'
[0.362s] writing manifest file '../../build/my_package/my_package.egg-info/SOURCES.txt'
[0.362s] running build
[0.362s] running build_py
[0.362s] creating /home/dsu-aiml-509-37/rover_project/build/my_package/build
[0.362s] creating /home/dsu-aiml-509-37/rover_project/build/my_package/build/lib
[0.362s] creating /home/dsu-aiml-509-37/rover_project/build/my_package/build/lib/my_package
[0.362s] copying my_package/__init__.py -> /home/dsu-aiml-509-37/rover_project/build/my_package/build/lib/my_package
[0.362s] copying my_package/my_node.py -> /home/dsu-aiml-509-37/rover_project/build/my_package/build/lib/my_package
[0.362s] running install
[0.362s] running install_lib
[0.363s] creating /home/dsu-aiml-509-37/rover_project/install/my_package/lib/python3.10/site-packages/my_package
[0.363s] copying /home/dsu-aiml-509-37/rover_project/build/my_package/build/lib/my_package/__init__.py -> /home/dsu-aiml-509-37/rover_project/install/my_package/lib/python3.10/site-packages/my_package
[0.363s] copying /home/dsu-aiml-509-37/rover_project/build/my_package/build/lib/my_package/my_node.py -> /home/dsu-aiml-509-37/rover_project/install/my_package/lib/python3.10/site-packages/my_package
[0.363s] byte-compiling /home/dsu-aiml-509-37/rover_project/install/my_package/lib/python3.10/site-packages/my_package/__init__.py to __init__.cpython-310.pyc
[0.363s] byte-compiling /home/dsu-aiml-509-37/rover_project/install/my_package/lib/python3.10/site-packages/my_package/my_node.py to my_node.cpython-310.pyc
[0.363s] running install_data
[0.363s] creating /home/dsu-aiml-509-37/rover_project/install/my_package/share/ament_index
[0.363s] creating /home/dsu-aiml-509-37/rover_project/install/my_package/share/ament_index/resource_index
[0.363s] creating /home/dsu-aiml-509-37/rover_project/install/my_package/share/ament_index/resource_index/packages
[0.363s] copying resource/my_package -> /home/dsu-aiml-509-37/rover_project/install/my_package/share/ament_index/resource_index/packages
[0.363s] copying package.xml -> /home/dsu-aiml-509-37/rover_project/install/my_package/share/my_package
[0.363s] running install_egg_info
[0.364s] Copying ../../build/my_package/my_package.egg-info to /home/dsu-aiml-509-37/rover_project/install/my_package/lib/python3.10/site-packages/my_package-0.0.0-py3.10.egg-info
[0.364s] running install_scripts
[0.374s] Installing my_node script to /home/dsu-aiml-509-37/rover_project/install/my_package/lib/my_package
[0.374s] writing list of installed files to '/home/dsu-aiml-509-37/rover_project/build/my_package/install.log'
[0.383s] Invoked command in '/home/dsu-aiml-509-37/rover_project/src/my_package' returned '0': PYTHONPATH=/home/dsu-aiml-509-37/rover_project/build/my_package/prefix_override:/usr/lib/python3/dist-packages/colcon_core/task/python/colcon_distutils_commands:/home/dsu-aiml-509-37/rover_project/install/my_package/lib/python3.10/site-packages:${PYTHONPATH} /usr/bin/python3 -W ignore:setup.py install is deprecated setup.py egg_info --egg-base ../../build/my_package build --build-base /home/dsu-aiml-509-37/rover_project/build/my_package/build install --record /home/dsu-aiml-509-37/rover_project/build/my_package/install.log --single-version-externally-managed install_data
