[0.047s] DEBUG:colcon:Command line arguments: ['/usr/bin/colcon', 'build']
[0.047s] DEBUG:colcon:Parsed command line arguments: Namespace(log_base=None, log_level=None, verb_name='build', build_base='build', install_base='install', merge_install=False, symlink_install=False, test_result_base=None, continue_on_error=False, executor='parallel', parallel_workers=24, event_handlers=None, ignore_user_meta=False, metas=['./colcon.meta'], base_paths=['.'], packages_ignore=None, packages_ignore_regex=None, paths=None, packages_up_to=None, packages_up_to_regex=None, packages_above=None, packages_above_and_dependencies=None, packages_above_depth=None, packages_select_by_dep=None, packages_skip_by_dep=None, packages_skip_up_to=None, packages_select_build_failed=False, packages_skip_build_finished=False, packages_select_test_failures=False, packages_skip_test_passed=False, packages_select=None, packages_skip=None, packages_select_regex=None, packages_skip_regex=None, packages_start=None, packages_end=None, allow_overriding=[], cmake_args=None, cmake_target=None, cmake_target_skip_unavailable=False, cmake_clean_cache=False, cmake_clean_first=False, cmake_force_configure=False, ament_cmake_args=None, catkin_cmake_args=None, catkin_skip_building_tests=False, mixin_files=None, mixin=None, verb_parser=<colcon_mixin.mixin.mixin_argument.MixinArgumentDecorator object at 0x778a0574d960>, verb_extension=<colcon_core.verb.build.BuildVerb object at 0x778a058560e0>, main=<bound method BuildVerb.main of <colcon_core.verb.build.BuildVerb object at 0x778a058560e0>>, mixin_verb=('build',))
[0.110s] Level 1:colcon.colcon_core.package_discovery:discover_packages(colcon_meta) check parameters
[0.110s] Level 1:colcon.colcon_core.package_discovery:discover_packages(recursive) check parameters
[0.110s] Level 1:colcon.colcon_core.package_discovery:discover_packages(ignore) check parameters
[0.110s] Level 1:colcon.colcon_core.package_discovery:discover_packages(path) check parameters
[0.110s] Level 1:colcon.colcon_core.package_discovery:discover_packages(colcon_meta) discover
[0.110s] Level 1:colcon.colcon_core.package_discovery:discover_packages(recursive) discover
[0.110s] INFO:colcon.colcon_core.package_discovery:Crawling recursively for packages in '/home/dsu-aiml-509-37/rover_project'
[0.110s] Level 1:colcon.colcon_core.package_identification:_identify(.) by extensions ['ignore', 'ignore_ament_install']
[0.111s] Level 1:colcon.colcon_core.package_identification:_identify(.) by extension 'ignore'
[0.111s] Level 1:colcon.colcon_core.package_identification:_identify(.) by extension 'ignore_ament_install'
[0.111s] Level 1:colcon.colcon_core.package_identification:_identify(.) by extensions ['colcon_pkg']
[0.111s] Level 1:colcon.colcon_core.package_identification:_identify(.) by extension 'colcon_pkg'
[0.111s] Level 1:colcon.colcon_core.package_identification:_identify(.) by extensions ['colcon_meta']
[0.111s] Level 1:colcon.colcon_core.package_identification:_identify(.) by extension 'colcon_meta'
[0.111s] Level 1:colcon.colcon_core.package_identification:_identify(.) by extensions ['ros']
[0.111s] Level 1:colcon.colcon_core.package_identification:_identify(.) by extension 'ros'
[0.116s] Level 1:colcon.colcon_core.package_identification:_identify(.) by extensions ['cmake', 'python']
[0.116s] Level 1:colcon.colcon_core.package_identification:_identify(.) by extension 'cmake'
[0.116s] Level 1:colcon.colcon_core.package_identification:_identify(.) by extension 'python'
[0.116s] Level 1:colcon.colcon_core.package_identification:_identify(.) by extensions ['python_setup_py']
[0.116s] Level 1:colcon.colcon_core.package_identification:_identify(.) by extension 'python_setup_py'
[0.116s] Level 1:colcon.colcon_core.package_identification:_identify(build) by extensions ['ignore', 'ignore_ament_install']
[0.116s] Level 1:colcon.colcon_core.package_identification:_identify(build) by extension 'ignore'
[0.116s] Level 1:colcon.colcon_core.package_identification:_identify(build) ignored
[0.116s] Level 1:colcon.colcon_core.package_identification:_identify(install) by extensions ['ignore', 'ignore_ament_install']
[0.116s] Level 1:colcon.colcon_core.package_identification:_identify(install) by extension 'ignore'
[0.116s] Level 1:colcon.colcon_core.package_identification:_identify(install) ignored
[0.116s] Level 1:colcon.colcon_core.package_identification:_identify(log) by extensions ['ignore', 'ignore_ament_install']
[0.116s] Level 1:colcon.colcon_core.package_identification:_identify(log) by extension 'ignore'
[0.116s] Level 1:colcon.colcon_core.package_identification:_identify(log) ignored
[0.116s] Level 1:colcon.colcon_core.package_identification:_identify(src) by extensions ['ignore', 'ignore_ament_install']
[0.116s] Level 1:colcon.colcon_core.package_identification:_identify(src) by extension 'ignore'
[0.116s] Level 1:colcon.colcon_core.package_identification:_identify(src) by extension 'ignore_ament_install'
[0.116s] Level 1:colcon.colcon_core.package_identification:_identify(src) by extensions ['colcon_pkg']
[0.116s] Level 1:colcon.colcon_core.package_identification:_identify(src) by extension 'colcon_pkg'
[0.116s] Level 1:colcon.colcon_core.package_identification:_identify(src) by extensions ['colcon_meta']
[0.116s] Level 1:colcon.colcon_core.package_identification:_identify(src) by extension 'colcon_meta'
[0.116s] Level 1:colcon.colcon_core.package_identification:_identify(src) by extensions ['ros']
[0.116s] Level 1:colcon.colcon_core.package_identification:_identify(src) by extension 'ros'
[0.116s] Level 1:colcon.colcon_core.package_identification:_identify(src) by extensions ['cmake', 'python']
[0.116s] Level 1:colcon.colcon_core.package_identification:_identify(src) by extension 'cmake'
[0.116s] Level 1:colcon.colcon_core.package_identification:_identify(src) by extension 'python'
[0.116s] Level 1:colcon.colcon_core.package_identification:_identify(src) by extensions ['python_setup_py']
[0.117s] Level 1:colcon.colcon_core.package_identification:_identify(src) by extension 'python_setup_py'
[0.117s] Level 1:colcon.colcon_core.package_identification:_identify(src/my_package) by extensions ['ignore', 'ignore_ament_install']
[0.117s] Level 1:colcon.colcon_core.package_identification:_identify(src/my_package) by extension 'ignore'
[0.117s] Level 1:colcon.colcon_core.package_identification:_identify(src/my_package) by extension 'ignore_ament_install'
[0.117s] Level 1:colcon.colcon_core.package_identification:_identify(src/my_package) by extensions ['colcon_pkg']
[0.117s] Level 1:colcon.colcon_core.package_identification:_identify(src/my_package) by extension 'colcon_pkg'
[0.117s] Level 1:colcon.colcon_core.package_identification:_identify(src/my_package) by extensions ['colcon_meta']
[0.117s] Level 1:colcon.colcon_core.package_identification:_identify(src/my_package) by extension 'colcon_meta'
[0.117s] Level 1:colcon.colcon_core.package_identification:_identify(src/my_package) by extensions ['ros']
[0.117s] Level 1:colcon.colcon_core.package_identification:_identify(src/my_package) by extension 'ros'
[0.118s] DEBUG:colcon.colcon_core.package_identification:Package 'src/my_package' with type 'ros.ament_python' and name 'my_package'
[0.118s] Level 1:colcon.colcon_core.package_identification:_identify(src/rover_operation) by extensions ['ignore', 'ignore_ament_install']
[0.118s] Level 1:colcon.colcon_core.package_identification:_identify(src/rover_operation) by extension 'ignore'
[0.118s] Level 1:colcon.colcon_core.package_identification:_identify(src/rover_operation) by extension 'ignore_ament_install'
[0.118s] Level 1:colcon.colcon_core.package_identification:_identify(src/rover_operation) by extensions ['colcon_pkg']
[0.118s] Level 1:colcon.colcon_core.package_identification:_identify(src/rover_operation) by extension 'colcon_pkg'
[0.118s] Level 1:colcon.colcon_core.package_identification:_identify(src/rover_operation) by extensions ['colcon_meta']
[0.118s] Level 1:colcon.colcon_core.package_identification:_identify(src/rover_operation) by extension 'colcon_meta'
[0.118s] Level 1:colcon.colcon_core.package_identification:_identify(src/rover_operation) by extensions ['ros']
[0.118s] Level 1:colcon.colcon_core.package_identification:_identify(src/rover_operation) by extension 'ros'
[0.118s] DEBUG:colcon.colcon_core.package_identification:Package 'src/rover_operation' with type 'ros.ament_python' and name 'rover_operation'
[0.118s] Level 1:colcon.colcon_core.package_discovery:discover_packages(recursive) using defaults
[0.118s] Level 1:colcon.colcon_core.package_discovery:discover_packages(ignore) discover
[0.118s] Level 1:colcon.colcon_core.package_discovery:discover_packages(ignore) using defaults
[0.118s] Level 1:colcon.colcon_core.package_discovery:discover_packages(path) discover
[0.118s] Level 1:colcon.colcon_core.package_discovery:discover_packages(path) using defaults
[0.127s] Level 1:colcon.colcon_core.package_discovery:discover_packages(prefix_path) check parameters
[0.127s] Level 1:colcon.colcon_core.package_discovery:discover_packages(prefix_path) discover
[0.128s] DEBUG:colcon.colcon_installed_package_information.package_discovery:Found 2 installed packages in /home/dsu-aiml-509-37/rover_project/install
[0.128s] DEBUG:colcon.colcon_installed_package_information.package_discovery:Found 270 installed packages in /opt/ros/humble
[0.129s] Level 1:colcon.colcon_core.package_discovery:discover_packages(prefix_path) using defaults
[0.148s] Level 5:colcon.colcon_core.verb:set package 'my_package' build argument 'cmake_args' from command line to 'None'
[0.148s] Level 5:colcon.colcon_core.verb:set package 'my_package' build argument 'cmake_target' from command line to 'None'
[0.148s] Level 5:colcon.colcon_core.verb:set package 'my_package' build argument 'cmake_target_skip_unavailable' from command line to 'False'
[0.148s] Level 5:colcon.colcon_core.verb:set package 'my_package' build argument 'cmake_clean_cache' from command line to 'False'
[0.148s] Level 5:colcon.colcon_core.verb:set package 'my_package' build argument 'cmake_clean_first' from command line to 'False'
[0.148s] Level 5:colcon.colcon_core.verb:set package 'my_package' build argument 'cmake_force_configure' from command line to 'False'
[0.148s] Level 5:colcon.colcon_core.verb:set package 'my_package' build argument 'ament_cmake_args' from command line to 'None'
[0.148s] Level 5:colcon.colcon_core.verb:set package 'my_package' build argument 'catkin_cmake_args' from command line to 'None'
[0.149s] Level 5:colcon.colcon_core.verb:set package 'my_package' build argument 'catkin_skip_building_tests' from command line to 'False'
[0.149s] DEBUG:colcon.colcon_core.verb:Building package 'my_package' with the following arguments: {'ament_cmake_args': None, 'build_base': '/home/dsu-aiml-509-37/rover_project/build/my_package', 'catkin_cmake_args': None, 'catkin_skip_building_tests': False, 'cmake_args': None, 'cmake_clean_cache': False, 'cmake_clean_first': False, 'cmake_force_configure': False, 'cmake_target': None, 'cmake_target_skip_unavailable': False, 'install_base': '/home/dsu-aiml-509-37/rover_project/install/my_package', 'merge_install': False, 'path': '/home/dsu-aiml-509-37/rover_project/src/my_package', 'symlink_install': False, 'test_result_base': None}
[0.149s] Level 5:colcon.colcon_core.verb:set package 'rover_operation' build argument 'cmake_args' from command line to 'None'
[0.149s] Level 5:colcon.colcon_core.verb:set package 'rover_operation' build argument 'cmake_target' from command line to 'None'
[0.149s] Level 5:colcon.colcon_core.verb:set package 'rover_operation' build argument 'cmake_target_skip_unavailable' from command line to 'False'
[0.149s] Level 5:colcon.colcon_core.verb:set package 'rover_operation' build argument 'cmake_clean_cache' from command line to 'False'
[0.149s] Level 5:colcon.colcon_core.verb:set package 'rover_operation' build argument 'cmake_clean_first' from command line to 'False'
[0.149s] Level 5:colcon.colcon_core.verb:set package 'rover_operation' build argument 'cmake_force_configure' from command line to 'False'
[0.149s] Level 5:colcon.colcon_core.verb:set package 'rover_operation' build argument 'ament_cmake_args' from command line to 'None'
[0.149s] Level 5:colcon.colcon_core.verb:set package 'rover_operation' build argument 'catkin_cmake_args' from command line to 'None'
[0.149s] Level 5:colcon.colcon_core.verb:set package 'rover_operation' build argument 'catkin_skip_building_tests' from command line to 'False'
[0.149s] DEBUG:colcon.colcon_core.verb:Building package 'rover_operation' with the following arguments: {'ament_cmake_args': None, 'build_base': '/home/dsu-aiml-509-37/rover_project/build/rover_operation', 'catkin_cmake_args': None, 'catkin_skip_building_tests': False, 'cmake_args': None, 'cmake_clean_cache': False, 'cmake_clean_first': False, 'cmake_force_configure': False, 'cmake_target': None, 'cmake_target_skip_unavailable': False, 'install_base': '/home/dsu-aiml-509-37/rover_project/install/rover_operation', 'merge_install': False, 'path': '/home/dsu-aiml-509-37/rover_project/src/rover_operation', 'symlink_install': False, 'test_result_base': None}
[0.149s] INFO:colcon.colcon_core.executor:Executing jobs using 'parallel' executor
[0.149s] DEBUG:colcon.colcon_parallel_executor.executor.parallel:run_until_complete
[0.150s] INFO:colcon.colcon_ros.task.ament_python.build:Building ROS package in '/home/dsu-aiml-509-37/rover_project/src/my_package' with build type 'ament_python'
[0.150s] Level 1:colcon.colcon_core.shell:create_environment_hook('my_package', 'ament_prefix_path')
[0.150s] INFO:colcon.colcon_core.plugin_system:Skipping extension 'colcon_core.shell.bat': Not used on non-Windows systems
[0.151s] INFO:colcon.colcon_core.shell:Creating environment hook '/home/dsu-aiml-509-37/rover_project/install/my_package/share/my_package/hook/ament_prefix_path.ps1'
[0.151s] INFO:colcon.colcon_core.shell:Creating environment descriptor '/home/dsu-aiml-509-37/rover_project/install/my_package/share/my_package/hook/ament_prefix_path.dsv'
[0.151s] INFO:colcon.colcon_core.shell:Creating environment hook '/home/dsu-aiml-509-37/rover_project/install/my_package/share/my_package/hook/ament_prefix_path.sh'
[0.151s] INFO:colcon.colcon_core.shell:Skip shell extension 'powershell' for command environment: Not usable outside of PowerShell
[0.151s] DEBUG:colcon.colcon_core.shell:Skip shell extension 'dsv' for command environment
[0.153s] INFO:colcon.colcon_ros.task.ament_python.build:Building ROS package in '/home/dsu-aiml-509-37/rover_project/src/rover_operation' with build type 'ament_python'
[0.153s] Level 1:colcon.colcon_core.shell:create_environment_hook('rover_operation', 'ament_prefix_path')
[0.153s] INFO:colcon.colcon_core.shell:Creating environment hook '/home/dsu-aiml-509-37/rover_project/install/rover_operation/share/rover_operation/hook/ament_prefix_path.ps1'
[0.153s] INFO:colcon.colcon_core.shell:Creating environment descriptor '/home/dsu-aiml-509-37/rover_project/install/rover_operation/share/rover_operation/hook/ament_prefix_path.dsv'
[0.153s] INFO:colcon.colcon_core.shell:Creating environment hook '/home/dsu-aiml-509-37/rover_project/install/rover_operation/share/rover_operation/hook/ament_prefix_path.sh'
[0.153s] INFO:colcon.colcon_core.shell:Skip shell extension 'powershell' for command environment: Not usable outside of PowerShell
[0.153s] DEBUG:colcon.colcon_core.shell:Skip shell extension 'dsv' for command environment
[0.295s] INFO:colcon.colcon_core.task.python.build:Building Python package in '/home/dsu-aiml-509-37/rover_project/src/my_package'
[0.295s] INFO:colcon.colcon_core.shell:Skip shell extension 'powershell' for command environment: Not usable outside of PowerShell
[0.295s] DEBUG:colcon.colcon_core.shell:Skip shell extension 'dsv' for command environment
[0.401s] INFO:colcon.colcon_core.task.python.build:Building Python package in '/home/dsu-aiml-509-37/rover_project/src/rover_operation'
[0.401s] INFO:colcon.colcon_core.shell:Skip shell extension 'powershell' for command environment: Not usable outside of PowerShell
[0.401s] DEBUG:colcon.colcon_core.shell:Skip shell extension 'dsv' for command environment
[0.542s] DEBUG:colcon.colcon_core.event_handler.log_command:Invoking command in '/home/dsu-aiml-509-37/rover_project/src/my_package': PYTHONPATH=/home/dsu-aiml-509-37/rover_project/build/my_package/prefix_override:/usr/lib/python3/dist-packages/colcon_core/task/python/colcon_distutils_commands:/home/dsu-aiml-509-37/rover_project/install/my_package/lib/python3.10/site-packages:${PYTHONPATH} /usr/bin/python3 -W ignore:setup.py install is deprecated setup.py egg_info --egg-base ../../build/my_package build --build-base /home/dsu-aiml-509-37/rover_project/build/my_package/build install --record /home/dsu-aiml-509-37/rover_project/build/my_package/install.log --single-version-externally-managed install_data
[0.543s] DEBUG:colcon.colcon_core.event_handler.log_command:Invoking command in '/home/dsu-aiml-509-37/rover_project/src/rover_operation': PYTHONPATH=/home/dsu-aiml-509-37/rover_project/build/rover_operation/prefix_override:/usr/lib/python3/dist-packages/colcon_core/task/python/colcon_distutils_commands:/home/dsu-aiml-509-37/rover_project/install/rover_operation/lib/python3.10/site-packages:${PYTHONPATH} /usr/bin/python3 -W ignore:setup.py install is deprecated setup.py egg_info --egg-base ../../build/rover_operation build --build-base /home/dsu-aiml-509-37/rover_project/build/rover_operation/build install --record /home/dsu-aiml-509-37/rover_project/build/rover_operation/install.log --single-version-externally-managed install_data
[0.667s] DEBUG:colcon.colcon_core.event_handler.log_command:Invoked command in '/home/dsu-aiml-509-37/rover_project/src/rover_operation' returned '0': PYTHONPATH=/home/dsu-aiml-509-37/rover_project/build/rover_operation/prefix_override:/usr/lib/python3/dist-packages/colcon_core/task/python/colcon_distutils_commands:/home/dsu-aiml-509-37/rover_project/install/rover_operation/lib/python3.10/site-packages:${PYTHONPATH} /usr/bin/python3 -W ignore:setup.py install is deprecated setup.py egg_info --egg-base ../../build/rover_operation build --build-base /home/dsu-aiml-509-37/rover_project/build/rover_operation/build install --record /home/dsu-aiml-509-37/rover_project/build/rover_operation/install.log --single-version-externally-managed install_data
[0.668s] Level 1:colcon.colcon_core.environment:checking '/home/dsu-aiml-509-37/rover_project/install/rover_operation' for CMake module files
[0.669s] Level 1:colcon.colcon_core.environment:checking '/home/dsu-aiml-509-37/rover_project/install/rover_operation' for CMake config files
[0.669s] Level 1:colcon.colcon_core.environment:checking '/home/dsu-aiml-509-37/rover_project/install/rover_operation/lib'
[0.669s] Level 1:colcon.colcon_core.environment:checking '/home/dsu-aiml-509-37/rover_project/install/rover_operation/bin'
[0.669s] Level 1:colcon.colcon_core.environment:checking '/home/dsu-aiml-509-37/rover_project/install/rover_operation/lib/pkgconfig/rover_operation.pc'
[0.669s] Level 1:colcon.colcon_core.environment:checking '/home/dsu-aiml-509-37/rover_project/install/rover_operation/lib/python3.10/site-packages'
[0.669s] Level 1:colcon.colcon_core.shell:create_environment_hook('rover_operation', 'pythonpath')
[0.669s] INFO:colcon.colcon_core.shell:Creating environment hook '/home/dsu-aiml-509-37/rover_project/install/rover_operation/share/rover_operation/hook/pythonpath.ps1'
[0.670s] INFO:colcon.colcon_core.shell:Creating environment descriptor '/home/dsu-aiml-509-37/rover_project/install/rover_operation/share/rover_operation/hook/pythonpath.dsv'
[0.670s] INFO:colcon.colcon_core.shell:Creating environment hook '/home/dsu-aiml-509-37/rover_project/install/rover_operation/share/rover_operation/hook/pythonpath.sh'
[0.670s] Level 1:colcon.colcon_core.environment:checking '/home/dsu-aiml-509-37/rover_project/install/rover_operation/bin'
[0.670s] Level 1:colcon.colcon_core.environment:create_environment_scripts_only(rover_operation)
[0.670s] INFO:colcon.colcon_core.shell:Creating package script '/home/dsu-aiml-509-37/rover_project/install/rover_operation/share/rover_operation/package.ps1'
[0.670s] INFO:colcon.colcon_core.shell:Creating package descriptor '/home/dsu-aiml-509-37/rover_project/install/rover_operation/share/rover_operation/package.dsv'
[0.671s] INFO:colcon.colcon_core.shell:Creating package script '/home/dsu-aiml-509-37/rover_project/install/rover_operation/share/rover_operation/package.sh'
[0.671s] INFO:colcon.colcon_core.shell:Creating package script '/home/dsu-aiml-509-37/rover_project/install/rover_operation/share/rover_operation/package.bash'
[0.671s] INFO:colcon.colcon_core.shell:Creating package script '/home/dsu-aiml-509-37/rover_project/install/rover_operation/share/rover_operation/package.zsh'
[0.671s] Level 1:colcon.colcon_core.environment:create_file_with_runtime_dependencies(/home/dsu-aiml-509-37/rover_project/install/rover_operation/share/colcon-core/packages/rover_operation)
[0.672s] Level 1:colcon.colcon_core.environment:checking '/home/dsu-aiml-509-37/rover_project/install/my_package' for CMake module files
[0.672s] DEBUG:colcon.colcon_core.event_handler.log_command:Invoked command in '/home/dsu-aiml-509-37/rover_project/src/my_package' returned '0': PYTHONPATH=/home/dsu-aiml-509-37/rover_project/build/my_package/prefix_override:/usr/lib/python3/dist-packages/colcon_core/task/python/colcon_distutils_commands:/home/dsu-aiml-509-37/rover_project/install/my_package/lib/python3.10/site-packages:${PYTHONPATH} /usr/bin/python3 -W ignore:setup.py install is deprecated setup.py egg_info --egg-base ../../build/my_package build --build-base /home/dsu-aiml-509-37/rover_project/build/my_package/build install --record /home/dsu-aiml-509-37/rover_project/build/my_package/install.log --single-version-externally-managed install_data
[0.672s] Level 1:colcon.colcon_core.environment:checking '/home/dsu-aiml-509-37/rover_project/install/my_package' for CMake config files
[0.673s] Level 1:colcon.colcon_core.environment:checking '/home/dsu-aiml-509-37/rover_project/install/my_package/lib'
[0.673s] Level 1:colcon.colcon_core.environment:checking '/home/dsu-aiml-509-37/rover_project/install/my_package/bin'
[0.673s] Level 1:colcon.colcon_core.environment:checking '/home/dsu-aiml-509-37/rover_project/install/my_package/lib/pkgconfig/my_package.pc'
[0.673s] Level 1:colcon.colcon_core.environment:checking '/home/dsu-aiml-509-37/rover_project/install/my_package/lib/python3.10/site-packages'
[0.673s] Level 1:colcon.colcon_core.shell:create_environment_hook('my_package', 'pythonpath')
[0.673s] INFO:colcon.colcon_core.shell:Creating environment hook '/home/dsu-aiml-509-37/rover_project/install/my_package/share/my_package/hook/pythonpath.ps1'
[0.673s] INFO:colcon.colcon_core.shell:Creating environment descriptor '/home/dsu-aiml-509-37/rover_project/install/my_package/share/my_package/hook/pythonpath.dsv'
[0.673s] INFO:colcon.colcon_core.shell:Creating environment hook '/home/dsu-aiml-509-37/rover_project/install/my_package/share/my_package/hook/pythonpath.sh'
[0.673s] Level 1:colcon.colcon_core.environment:checking '/home/dsu-aiml-509-37/rover_project/install/my_package/bin'
[0.673s] Level 1:colcon.colcon_core.environment:create_environment_scripts_only(my_package)
[0.674s] INFO:colcon.colcon_core.shell:Creating package script '/home/dsu-aiml-509-37/rover_project/install/my_package/share/my_package/package.ps1'
[0.674s] INFO:colcon.colcon_core.shell:Creating package descriptor '/home/dsu-aiml-509-37/rover_project/install/my_package/share/my_package/package.dsv'
[0.674s] INFO:colcon.colcon_core.shell:Creating package script '/home/dsu-aiml-509-37/rover_project/install/my_package/share/my_package/package.sh'
[0.674s] INFO:colcon.colcon_core.shell:Creating package script '/home/dsu-aiml-509-37/rover_project/install/my_package/share/my_package/package.bash'
[0.674s] INFO:colcon.colcon_core.shell:Creating package script '/home/dsu-aiml-509-37/rover_project/install/my_package/share/my_package/package.zsh'
[0.674s] Level 1:colcon.colcon_core.environment:create_file_with_runtime_dependencies(/home/dsu-aiml-509-37/rover_project/install/my_package/share/colcon-core/packages/my_package)
[0.674s] DEBUG:colcon.colcon_parallel_executor.executor.parallel:closing loop
[0.674s] DEBUG:colcon.colcon_parallel_executor.executor.parallel:loop closed
[0.674s] DEBUG:colcon.colcon_parallel_executor.executor.parallel:run_until_complete finished with '0'
[0.674s] DEBUG:colcon.colcon_core.event_reactor:joining thread
[0.677s] INFO:colcon.colcon_core.plugin_system:Skipping extension 'colcon_notification.desktop_notification.terminal_notifier': Not used on non-Darwin systems
[0.677s] INFO:colcon.colcon_core.plugin_system:Skipping extension 'colcon_notification.desktop_notification.win32': Not used on non-Windows systems
[0.677s] INFO:colcon.colcon_notification.desktop_notification:Sending desktop notification using 'notify2'
[0.678s] DEBUG:colcon.colcon_notification.desktop_notification.notify2:Failed to initialize notify2: org.freedesktop.DBus.Error.Spawn.ExecFailed: /usr/bin/dbus-launch terminated abnormally without any error message
[0.678s] DEBUG:colcon.colcon_core.event_reactor:joined thread
[0.678s] INFO:colcon.colcon_core.shell:Creating prefix script '/home/dsu-aiml-509-37/rover_project/install/local_setup.ps1'
[0.679s] INFO:colcon.colcon_core.shell:Creating prefix util module '/home/dsu-aiml-509-37/rover_project/install/_local_setup_util_ps1.py'
[0.679s] INFO:colcon.colcon_core.shell:Creating prefix chain script '/home/dsu-aiml-509-37/rover_project/install/setup.ps1'
[0.680s] INFO:colcon.colcon_core.shell:Creating prefix script '/home/dsu-aiml-509-37/rover_project/install/local_setup.sh'
[0.680s] INFO:colcon.colcon_core.shell:Creating prefix util module '/home/dsu-aiml-509-37/rover_project/install/_local_setup_util_sh.py'
[0.680s] INFO:colcon.colcon_core.shell:Creating prefix chain script '/home/dsu-aiml-509-37/rover_project/install/setup.sh'
[0.680s] INFO:colcon.colcon_core.shell:Creating prefix script '/home/dsu-aiml-509-37/rover_project/install/local_setup.bash'
[0.681s] INFO:colcon.colcon_core.shell:Creating prefix chain script '/home/dsu-aiml-509-37/rover_project/install/setup.bash'
[0.681s] INFO:colcon.colcon_core.shell:Creating prefix script '/home/dsu-aiml-509-37/rover_project/install/local_setup.zsh'
[0.681s] INFO:colcon.colcon_core.shell:Creating prefix chain script '/home/dsu-aiml-509-37/rover_project/install/setup.zsh'
