[0.466s] Invoking command in '/home/utpalkumar/rover_project/src/rover_operation': DEBUGINFOD_URLS=https://debuginfod.ubuntu.com PYTHONPATH=/home/utpalkumar/rover_project/build/rover_operation/prefix_override:/usr/lib/python3/dist-packages/colcon_core/task/python/colcon_distutils_commands:/home/utpalkumar/rover_project/install/rover_operation/lib/python3.12/site-packages:${PYTHONPATH} /usr/bin/python3 -W ignore:setup.py install is deprecated setup.py egg_info --egg-base ../../build/rover_operation build --build-base /home/utpalkumar/rover_project/build/rover_operation/build install --record /home/utpalkumar/rover_project/build/rover_operation/install.log --single-version-externally-managed install_data
[0.585s] running egg_info
[0.592s] writing ../../build/rover_operation/rover_operation.egg-info/PKG-INFO
[0.592s] writing dependency_links to ../../build/rover_operation/rover_operation.egg-info/dependency_links.txt
[0.592s] writing entry points to ../../build/rover_operation/rover_operation.egg-info/entry_points.txt
[0.592s] writing requirements to ../../build/rover_operation/rover_operation.egg-info/requires.txt
[0.592s] writing top-level names to ../../build/rover_operation/rover_operation.egg-info/top_level.txt
[0.608s] reading manifest file '../../build/rover_operation/rover_operation.egg-info/SOURCES.txt'
[0.608s] writing manifest file '../../build/rover_operation/rover_operation.egg-info/SOURCES.txt'
[0.608s] running build
[0.609s] running build_py
[0.609s] running install
[0.612s] running install_lib
[0.620s] running install_data
[0.620s] running install_egg_info
[0.628s] removing '/home/utpalkumar/rover_project/install/rover_operation/lib/python3.12/site-packages/rover_operation-0.0.0-py3.12.egg-info' (and everything under it)
[0.628s] Copying ../../build/rover_operation/rover_operation.egg-info to /home/utpalkumar/rover_project/install/rover_operation/lib/python3.12/site-packages/rover_operation-0.0.0-py3.12.egg-info
[0.628s] running install_scripts
[0.683s] Installing rover_teleop_key script to /home/utpalkumar/rover_project/install/rover_operation/lib/rover_operation
[0.683s] writing list of installed files to '/home/utpalkumar/rover_project/build/rover_operation/install.log'
[0.697s] Invoked command in '/home/utpalkumar/rover_project/src/rover_operation' returned '0': DEBUGINFOD_URLS=https://debuginfod.ubuntu.com PYTHONPATH=/home/utpalkumar/rover_project/build/rover_operation/prefix_override:/usr/lib/python3/dist-packages/colcon_core/task/python/colcon_distutils_commands:/home/utpalkumar/rover_project/install/rover_operation/lib/python3.12/site-packages:${PYTHONPATH} /usr/bin/python3 -W ignore:setup.py install is deprecated setup.py egg_info --egg-base ../../build/rover_operation build --build-base /home/utpalkumar/rover_project/build/rover_operation/build install --record /home/utpalkumar/rover_project/build/rover_operation/install.log --single-version-externally-managed install_data
