-- Found ament_cmake: 2.5.2 (/opt/ros/jazzy/share/ament_cmake/cmake)
-- Found Python3: /usr/bin/python3 (found version "3.12.3") found components: Interpreter 
-- Found ament_lint_auto: 0.17.1 (/opt/ros/jazzy/share/ament_lint_auto/cmake)
-- Added test 'lint_cmake' to check CMake code style
-- Added test 'xmllint' to check XML markup files
-- Configuring done (0.2s)
-- Generating done (0.0s)
-- Build files have been written to: /home/utpalkumar/rover_project/build/rover_interfaces
-- Install configuration: ""
-- Installing: /home/utpalkumar/rover_project/install/rover_interfaces/share/ament_index/resource_index/package_run_dependencies/rover_interfaces
-- Installing: /home/utpalkumar/rover_project/install/rover_interfaces/share/ament_index/resource_index/parent_prefix_path/rover_interfaces
-- Installing: /home/utpalkumar/rover_project/install/rover_interfaces/share/rover_interfaces/environment/ament_prefix_path.sh
-- Installing: /home/utpalkumar/rover_project/install/rover_interfaces/share/rover_interfaces/environment/ament_prefix_path.dsv
-- Installing: /home/utpalkumar/rover_project/install/rover_interfaces/share/rover_interfaces/environment/path.sh
-- Installing: /home/utpalkumar/rover_project/install/rover_interfaces/share/rover_interfaces/environment/path.dsv
-- Installing: /home/utpalkumar/rover_project/install/rover_interfaces/share/rover_interfaces/local_setup.bash
-- Installing: /home/utpalkumar/rover_project/install/rover_interfaces/share/rover_interfaces/local_setup.sh
-- Installing: /home/utpalkumar/rover_project/install/rover_interfaces/share/rover_interfaces/local_setup.zsh
-- Installing: /home/utpalkumar/rover_project/install/rover_interfaces/share/rover_interfaces/local_setup.dsv
-- Installing: /home/utpalkumar/rover_project/install/rover_interfaces/share/rover_interfaces/package.dsv
-- Installing: /home/utpalkumar/rover_project/install/rover_interfaces/share/ament_index/resource_index/packages/rover_interfaces
-- Installing: /home/utpalkumar/rover_project/install/rover_interfaces/share/rover_interfaces/cmake/rover_interfacesConfig.cmake
-- Installing: /home/utpalkumar/rover_project/install/rover_interfaces/share/rover_interfaces/cmake/rover_interfacesConfig-version.cmake
-- Installing: /home/utpalkumar/rover_project/install/rover_interfaces/share/rover_interfaces/package.xml
