[0.108s] Invoking command in '/home/utpalkumar/rover_project/build/rover_interfaces': CMAKE_PREFIX_PATH=${CMAKE_PREFIX_PATH}:/opt/ros/jazzy DEBUGINFOD_URLS=https://debuginfod.ubuntu.com /usr/bin/cmake /home/utpalkumar/rover_project/src/rover_interfaces -DCMAKE_INSTALL_PREFIX=/home/utpalkumar/rover_project/install/rover_interfaces
[0.120s] -- Found ament_cmake: 2.5.2 (/opt/ros/jazzy/share/ament_cmake/cmake)
[0.202s] -- Found Python3: /usr/bin/python3 (found version "3.12.3") found components: Interpreter 
[0.265s] -- Found ament_lint_auto: 0.17.1 (/opt/ros/jazzy/share/ament_lint_auto/cmake)
[0.324s] -- Added test 'lint_cmake' to check CMake code style
[0.324s] -- Added test 'xmllint' to check XML markup files
[0.325s] -- Configuring done (0.2s)
[0.326s] -- Generating done (0.0s)
[0.327s] -- Build files have been written to: /home/utpalkumar/rover_project/build/rover_interfaces
[0.328s] Invoked command in '/home/utpalkumar/rover_project/build/rover_interfaces' returned '0': CMAKE_PREFIX_PATH=${CMAKE_PREFIX_PATH}:/opt/ros/jazzy DEBUGINFOD_URLS=https://debuginfod.ubuntu.com /usr/bin/cmake /home/utpalkumar/rover_project/src/rover_interfaces -DCMAKE_INSTALL_PREFIX=/home/utpalkumar/rover_project/install/rover_interfaces
[0.329s] Invoking command in '/home/utpalkumar/rover_project/build/rover_interfaces': CMAKE_PREFIX_PATH=${CMAKE_PREFIX_PATH}:/opt/ros/jazzy DEBUGINFOD_URLS=https://debuginfod.ubuntu.com /usr/bin/cmake --build /home/utpalkumar/rover_project/build/rover_interfaces -- -j24 -l24
[0.352s] Invoked command in '/home/utpalkumar/rover_project/build/rover_interfaces' returned '0': CMAKE_PREFIX_PATH=${CMAKE_PREFIX_PATH}:/opt/ros/jazzy DEBUGINFOD_URLS=https://debuginfod.ubuntu.com /usr/bin/cmake --build /home/utpalkumar/rover_project/build/rover_interfaces -- -j24 -l24
[0.371s] Invoking command in '/home/utpalkumar/rover_project/build/rover_interfaces': CMAKE_PREFIX_PATH=${CMAKE_PREFIX_PATH}:/opt/ros/jazzy DEBUGINFOD_URLS=https://debuginfod.ubuntu.com /usr/bin/cmake --install /home/utpalkumar/rover_project/build/rover_interfaces
[0.377s] -- Install configuration: ""
[0.377s] -- Installing: /home/utpalkumar/rover_project/install/rover_interfaces/share/ament_index/resource_index/package_run_dependencies/rover_interfaces
[0.377s] -- Installing: /home/utpalkumar/rover_project/install/rover_interfaces/share/ament_index/resource_index/parent_prefix_path/rover_interfaces
[0.377s] -- Installing: /home/utpalkumar/rover_project/install/rover_interfaces/share/rover_interfaces/environment/ament_prefix_path.sh
[0.377s] -- Installing: /home/utpalkumar/rover_project/install/rover_interfaces/share/rover_interfaces/environment/ament_prefix_path.dsv
[0.377s] -- Installing: /home/utpalkumar/rover_project/install/rover_interfaces/share/rover_interfaces/environment/path.sh
[0.377s] -- Installing: /home/utpalkumar/rover_project/install/rover_interfaces/share/rover_interfaces/environment/path.dsv
[0.377s] -- Installing: /home/utpalkumar/rover_project/install/rover_interfaces/share/rover_interfaces/local_setup.bash
[0.377s] -- Installing: /home/utpalkumar/rover_project/install/rover_interfaces/share/rover_interfaces/local_setup.sh
[0.377s] -- Installing: /home/utpalkumar/rover_project/install/rover_interfaces/share/rover_interfaces/local_setup.zsh
[0.378s] -- Installing: /home/utpalkumar/rover_project/install/rover_interfaces/share/rover_interfaces/local_setup.dsv
[0.378s] -- Installing: /home/utpalkumar/rover_project/install/rover_interfaces/share/rover_interfaces/package.dsv
[0.378s] -- Installing: /home/utpalkumar/rover_project/install/rover_interfaces/share/ament_index/resource_index/packages/rover_interfaces
[0.378s] -- Installing: /home/utpalkumar/rover_project/install/rover_interfaces/share/rover_interfaces/cmake/rover_interfacesConfig.cmake
[0.378s] -- Installing: /home/utpalkumar/rover_project/install/rover_interfaces/share/rover_interfaces/cmake/rover_interfacesConfig-version.cmake
[0.378s] -- Installing: /home/utpalkumar/rover_project/install/rover_interfaces/share/rover_interfaces/package.xml
[0.378s] Invoked command in '/home/utpalkumar/rover_project/build/rover_interfaces' returned '0': CMAKE_PREFIX_PATH=${CMAKE_PREFIX_PATH}:/opt/ros/jazzy DEBUGINFOD_URLS=https://debuginfod.ubuntu.com /usr/bin/cmake --install /home/utpalkumar/rover_project/build/rover_interfaces
