[0.335s] Invoking command in '/home/dsu-aiml-509-37/rover_project/src/rover_operation': PYTHONPATH=/home/dsu-aiml-509-37/rover_project/build/rover_operation/prefix_override:/usr/lib/python3/dist-packages/colcon_core/task/python/colcon_distutils_commands:/home/dsu-aiml-509-37/rover_project/install/rover_operation/lib/python3.10/site-packages: /usr/bin/python3 -W ignore:setup.py install is deprecated setup.py egg_info --egg-base ../../build/rover_operation build --build-base /home/dsu-aiml-509-37/rover_project/build/rover_operation/build install --record /home/dsu-aiml-509-37/rover_project/build/rover_operation/install.log --single-version-externally-managed install_data
[0.417s] running egg_info
[0.417s] writing ../../build/rover_operation/rover_operation.egg-info/PKG-INFO
[0.417s] writing dependency_links to ../../build/rover_operation/rover_operation.egg-info/dependency_links.txt
[0.417s] writing entry points to ../../build/rover_operation/rover_operation.egg-info/entry_points.txt
[0.417s] writing requirements to ../../build/rover_operation/rover_operation.egg-info/requires.txt
[0.417s] writing top-level names to ../../build/rover_operation/rover_operation.egg-info/top_level.txt
[0.418s] reading manifest file '../../build/rover_operation/rover_operation.egg-info/SOURCES.txt'
[0.418s] writing manifest file '../../build/rover_operation/rover_operation.egg-info/SOURCES.txt'
[0.418s] running build
[0.418s] running build_py
[0.418s] running install
[0.418s] running install_lib
[0.419s] running install_data
[0.419s] running install_egg_info
[0.419s] removing '/home/dsu-aiml-509-37/rover_project/install/rover_operation/lib/python3.10/site-packages/rover_operation-0.0.0-py3.10.egg-info' (and everything under it)
[0.419s] Copying ../../build/rover_operation/rover_operation.egg-info to /home/dsu-aiml-509-37/rover_project/install/rover_operation/lib/python3.10/site-packages/rover_operation-0.0.0-py3.10.egg-info
[0.420s] running install_scripts
[0.429s] Installing rover_teleop_key script to /home/dsu-aiml-509-37/rover_project/install/rover_operation/lib/rover_operation
[0.429s] writing list of installed files to '/home/dsu-aiml-509-37/rover_project/build/rover_operation/install.log'
[0.442s] Invoked command in '/home/dsu-aiml-509-37/rover_project/src/rover_operation' returned '0': PYTHONPATH=/home/dsu-aiml-509-37/rover_project/build/rover_operation/prefix_override:/usr/lib/python3/dist-packages/colcon_core/task/python/colcon_distutils_commands:/home/dsu-aiml-509-37/rover_project/install/rover_operation/lib/python3.10/site-packages: /usr/bin/python3 -W ignore:setup.py install is deprecated setup.py egg_info --egg-base ../../build/rover_operation build --build-base /home/dsu-aiml-509-37/rover_project/build/rover_operation/build install --record /home/dsu-aiml-509-37/rover_project/build/rover_operation/install.log --single-version-externally-managed install_data
