[0.048s] DEBUG:colcon:Command line arguments: ['/usr/bin/colcon', 'build']
[0.048s] DEBUG:colcon:Parsed command line arguments: Namespace(log_base=None, log_level=None, verb_name='build', build_base='build', install_base='install', merge_install=False, symlink_install=False, test_result_base=None, continue_on_error=False, executor='parallel', parallel_workers=24, event_handlers=None, ignore_user_meta=False, metas=['./colcon.meta'], base_paths=['.'], packages_ignore=None, packages_ignore_regex=None, paths=None, packages_up_to=None, packages_up_to_regex=None, packages_above=None, packages_above_and_dependencies=None, packages_above_depth=None, packages_select_by_dep=None, packages_skip_by_dep=None, packages_skip_up_to=None, packages_select_build_failed=False, packages_skip_build_finished=False, packages_select_test_failures=False, packages_skip_test_passed=False, packages_select=None, packages_skip=None, packages_select_regex=None, packages_skip_regex=None, packages_start=None, packages_end=None, allow_overriding=[], cmake_args=None, cmake_target=None, cmake_target_skip_unavailable=False, cmake_clean_cache=False, cmake_clean_first=False, cmake_force_configure=False, ament_cmake_args=None, catkin_cmake_args=None, catkin_skip_building_tests=False, mixin_files=None, mixin=None, verb_parser=<colcon_mixin.mixin.mixin_argument.MixinArgumentDecorator object at 0x72fb9738d4f0>, verb_extension=<colcon_core.verb.build.BuildVerb object at 0x72fb9738d0d0>, main=<bound method BuildVerb.main of <colcon_core.verb.build.BuildVerb object at 0x72fb9738d0d0>>, mixin_verb=('build',))
[0.065s] Level 1:colcon.colcon_core.package_discovery:discover_packages(colcon_meta) check parameters
[0.065s] Level 1:colcon.colcon_core.package_discovery:discover_packages(recursive) check parameters
[0.065s] Level 1:colcon.colcon_core.package_discovery:discover_packages(ignore) check parameters
[0.065s] Level 1:colcon.colcon_core.package_discovery:discover_packages(path) check parameters
[0.065s] Level 1:colcon.colcon_core.package_discovery:discover_packages(colcon_meta) discover
[0.065s] Level 1:colcon.colcon_core.package_discovery:discover_packages(recursive) discover
[0.065s] INFO:colcon.colcon_core.package_discovery:Crawling recursively for packages in '/home/utpalkumar/rover_project'
[0.065s] Level 1:colcon.colcon_core.package_identification:_identify(.) by extensions ['ignore', 'ignore_ament_install']
[0.065s] Level 1:colcon.colcon_core.package_identification:_identify(.) by extension 'ignore'
[0.066s] Level 1:colcon.colcon_core.package_identification:_identify(.) by extension 'ignore_ament_install'
[0.066s] Level 1:colcon.colcon_core.package_identification:_identify(.) by extensions ['colcon_pkg']
[0.066s] Level 1:colcon.colcon_core.package_identification:_identify(.) by extension 'colcon_pkg'
[0.066s] Level 1:colcon.colcon_core.package_identification:_identify(.) by extensions ['colcon_meta']
[0.066s] Level 1:colcon.colcon_core.package_identification:_identify(.) by extension 'colcon_meta'
[0.066s] Level 1:colcon.colcon_core.package_identification:_identify(.) by extensions ['ros']
[0.066s] Level 1:colcon.colcon_core.package_identification:_identify(.) by extension 'ros'
[0.078s] Level 1:colcon.colcon_core.package_identification:_identify(.) by extensions ['cmake', 'python']
[0.078s] Level 1:colcon.colcon_core.package_identification:_identify(.) by extension 'cmake'
[0.078s] Level 1:colcon.colcon_core.package_identification:_identify(.) by extension 'python'
[0.078s] Level 1:colcon.colcon_core.package_identification:_identify(.) by extensions ['python_setup_py']
[0.078s] Level 1:colcon.colcon_core.package_identification:_identify(.) by extension 'python_setup_py'
[0.078s] Level 1:colcon.colcon_core.package_identification:_identify(build) by extensions ['ignore', 'ignore_ament_install']
[0.078s] Level 1:colcon.colcon_core.package_identification:_identify(build) by extension 'ignore'
[0.078s] Level 1:colcon.colcon_core.package_identification:_identify(build) ignored
[0.078s] Level 1:colcon.colcon_core.package_identification:_identify(install) by extensions ['ignore', 'ignore_ament_install']
[0.079s] Level 1:colcon.colcon_core.package_identification:_identify(install) by extension 'ignore'
[0.079s] Level 1:colcon.colcon_core.package_identification:_identify(install) ignored
[0.079s] Level 1:colcon.colcon_core.package_identification:_identify(log) by extensions ['ignore', 'ignore_ament_install']
[0.079s] Level 1:colcon.colcon_core.package_identification:_identify(log) by extension 'ignore'
[0.079s] Level 1:colcon.colcon_core.package_identification:_identify(log) ignored
[0.079s] Level 1:colcon.colcon_core.package_identification:_identify(src) by extensions ['ignore', 'ignore_ament_install']
[0.079s] Level 1:colcon.colcon_core.package_identification:_identify(src) by extension 'ignore'
[0.079s] Level 1:colcon.colcon_core.package_identification:_identify(src) by extension 'ignore_ament_install'
[0.079s] Level 1:colcon.colcon_core.package_identification:_identify(src) by extensions ['colcon_pkg']
[0.079s] Level 1:colcon.colcon_core.package_identification:_identify(src) by extension 'colcon_pkg'
[0.079s] Level 1:colcon.colcon_core.package_identification:_identify(src) by extensions ['colcon_meta']
[0.079s] Level 1:colcon.colcon_core.package_identification:_identify(src) by extension 'colcon_meta'
[0.079s] Level 1:colcon.colcon_core.package_identification:_identify(src) by extensions ['ros']
[0.079s] Level 1:colcon.colcon_core.package_identification:_identify(src) by extension 'ros'
[0.079s] Level 1:colcon.colcon_core.package_identification:_identify(src) by extensions ['cmake', 'python']
[0.079s] Level 1:colcon.colcon_core.package_identification:_identify(src) by extension 'cmake'
[0.079s] Level 1:colcon.colcon_core.package_identification:_identify(src) by extension 'python'
[0.079s] Level 1:colcon.colcon_core.package_identification:_identify(src) by extensions ['python_setup_py']
[0.079s] Level 1:colcon.colcon_core.package_identification:_identify(src) by extension 'python_setup_py'
[0.079s] Level 1:colcon.colcon_core.package_identification:_identify(src/my_package) by extensions ['ignore', 'ignore_ament_install']
[0.079s] Level 1:colcon.colcon_core.package_identification:_identify(src/my_package) by extension 'ignore'
[0.079s] Level 1:colcon.colcon_core.package_identification:_identify(src/my_package) by extension 'ignore_ament_install'
[0.079s] Level 1:colcon.colcon_core.package_identification:_identify(src/my_package) by extensions ['colcon_pkg']
[0.079s] Level 1:colcon.colcon_core.package_identification:_identify(src/my_package) by extension 'colcon_pkg'
[0.079s] Level 1:colcon.colcon_core.package_identification:_identify(src/my_package) by extensions ['colcon_meta']
[0.079s] Level 1:colcon.colcon_core.package_identification:_identify(src/my_package) by extension 'colcon_meta'
[0.079s] Level 1:colcon.colcon_core.package_identification:_identify(src/my_package) by extensions ['ros']
[0.079s] Level 1:colcon.colcon_core.package_identification:_identify(src/my_package) by extension 'ros'
[0.080s] DEBUG:colcon.colcon_core.package_identification:Package 'src/my_package' with type 'ros.ament_python' and name 'my_package'
[0.080s] Level 1:colcon.colcon_core.package_identification:_identify(src/rover_interfaces) by extensions ['ignore', 'ignore_ament_install']
[0.080s] Level 1:colcon.colcon_core.package_identification:_identify(src/rover_interfaces) by extension 'ignore'
[0.080s] Level 1:colcon.colcon_core.package_identification:_identify(src/rover_interfaces) by extension 'ignore_ament_install'
[0.080s] Level 1:colcon.colcon_core.package_identification:_identify(src/rover_interfaces) by extensions ['colcon_pkg']
[0.080s] Level 1:colcon.colcon_core.package_identification:_identify(src/rover_interfaces) by extension 'colcon_pkg'
[0.080s] Level 1:colcon.colcon_core.package_identification:_identify(src/rover_interfaces) by extensions ['colcon_meta']
[0.080s] Level 1:colcon.colcon_core.package_identification:_identify(src/rover_interfaces) by extension 'colcon_meta'
[0.080s] Level 1:colcon.colcon_core.package_identification:_identify(src/rover_interfaces) by extensions ['ros']
[0.080s] Level 1:colcon.colcon_core.package_identification:_identify(src/rover_interfaces) by extension 'ros'
[0.081s] DEBUG:colcon.colcon_core.package_identification:Package 'src/rover_interfaces' with type 'ros.ament_cmake' and name 'rover_interfaces'
[0.081s] Level 1:colcon.colcon_core.package_identification:_identify(src/rover_operation) by extensions ['ignore', 'ignore_ament_install']
[0.081s] Level 1:colcon.colcon_core.package_identification:_identify(src/rover_operation) by extension 'ignore'
[0.081s] Level 1:colcon.colcon_core.package_identification:_identify(src/rover_operation) by extension 'ignore_ament_install'
[0.081s] Level 1:colcon.colcon_core.package_identification:_identify(src/rover_operation) by extensions ['colcon_pkg']
[0.081s] Level 1:colcon.colcon_core.package_identification:_identify(src/rover_operation) by extension 'colcon_pkg'
[0.081s] Level 1:colcon.colcon_core.package_identification:_identify(src/rover_operation) by extensions ['colcon_meta']
[0.081s] Level 1:colcon.colcon_core.package_identification:_identify(src/rover_operation) by extension 'colcon_meta'
[0.081s] Level 1:colcon.colcon_core.package_identification:_identify(src/rover_operation) by extensions ['ros']
[0.081s] Level 1:colcon.colcon_core.package_identification:_identify(src/rover_operation) by extension 'ros'
[0.081s] DEBUG:colcon.colcon_core.package_identification:Package 'src/rover_operation' with type 'ros.ament_python' and name 'rover_operation'
[0.081s] Level 1:colcon.colcon_core.package_discovery:discover_packages(recursive) using defaults
[0.081s] Level 1:colcon.colcon_core.package_discovery:discover_packages(ignore) discover
[0.081s] Level 1:colcon.colcon_core.package_discovery:discover_packages(ignore) using defaults
[0.081s] Level 1:colcon.colcon_core.package_discovery:discover_packages(path) discover
[0.081s] Level 1:colcon.colcon_core.package_discovery:discover_packages(path) using defaults
[0.090s] Level 1:colcon.colcon_core.package_discovery:discover_packages(prefix_path) check parameters
[0.090s] Level 1:colcon.colcon_core.package_discovery:discover_packages(prefix_path) discover
[0.092s] DEBUG:colcon.colcon_installed_package_information.package_discovery:Found 285 installed packages in /opt/ros/jazzy
[0.092s] Level 1:colcon.colcon_core.package_discovery:discover_packages(prefix_path) using defaults
[0.109s] Level 5:colcon.colcon_core.verb:set package 'my_package' build argument 'cmake_args' from command line to 'None'
[0.109s] Level 5:colcon.colcon_core.verb:set package 'my_package' build argument 'cmake_target' from command line to 'None'
[0.109s] Level 5:colcon.colcon_core.verb:set package 'my_package' build argument 'cmake_target_skip_unavailable' from command line to 'False'
[0.109s] Level 5:colcon.colcon_core.verb:set package 'my_package' build argument 'cmake_clean_cache' from command line to 'False'
[0.109s] Level 5:colcon.colcon_core.verb:set package 'my_package' build argument 'cmake_clean_first' from command line to 'False'
[0.109s] Level 5:colcon.colcon_core.verb:set package 'my_package' build argument 'cmake_force_configure' from command line to 'False'
[0.109s] Level 5:colcon.colcon_core.verb:set package 'my_package' build argument 'ament_cmake_args' from command line to 'None'
[0.109s] Level 5:colcon.colcon_core.verb:set package 'my_package' build argument 'catkin_cmake_args' from command line to 'None'
[0.109s] Level 5:colcon.colcon_core.verb:set package 'my_package' build argument 'catkin_skip_building_tests' from command line to 'False'
[0.109s] DEBUG:colcon.colcon_core.verb:Building package 'my_package' with the following arguments: {'ament_cmake_args': None, 'build_base': '/home/utpalkumar/rover_project/build/my_package', 'catkin_cmake_args': None, 'catkin_skip_building_tests': False, 'cmake_args': None, 'cmake_clean_cache': False, 'cmake_clean_first': False, 'cmake_force_configure': False, 'cmake_target': None, 'cmake_target_skip_unavailable': False, 'install_base': '/home/utpalkumar/rover_project/install/my_package', 'merge_install': False, 'path': '/home/utpalkumar/rover_project/src/my_package', 'symlink_install': False, 'test_result_base': None}
[0.109s] Level 5:colcon.colcon_core.verb:set package 'rover_interfaces' build argument 'cmake_args' from command line to 'None'
[0.109s] Level 5:colcon.colcon_core.verb:set package 'rover_interfaces' build argument 'cmake_target' from command line to 'None'
[0.109s] Level 5:colcon.colcon_core.verb:set package 'rover_interfaces' build argument 'cmake_target_skip_unavailable' from command line to 'False'
[0.109s] Level 5:colcon.colcon_core.verb:set package 'rover_interfaces' build argument 'cmake_clean_cache' from command line to 'False'
[0.109s] Level 5:colcon.colcon_core.verb:set package 'rover_interfaces' build argument 'cmake_clean_first' from command line to 'False'
[0.109s] Level 5:colcon.colcon_core.verb:set package 'rover_interfaces' build argument 'cmake_force_configure' from command line to 'False'
[0.109s] Level 5:colcon.colcon_core.verb:set package 'rover_interfaces' build argument 'ament_cmake_args' from command line to 'None'
[0.109s] Level 5:colcon.colcon_core.verb:set package 'rover_interfaces' build argument 'catkin_cmake_args' from command line to 'None'
[0.109s] Level 5:colcon.colcon_core.verb:set package 'rover_interfaces' build argument 'catkin_skip_building_tests' from command line to 'False'
[0.109s] DEBUG:colcon.colcon_core.verb:Building package 'rover_interfaces' with the following arguments: {'ament_cmake_args': None, 'build_base': '/home/utpalkumar/rover_project/build/rover_interfaces', 'catkin_cmake_args': None, 'catkin_skip_building_tests': False, 'cmake_args': None, 'cmake_clean_cache': False, 'cmake_clean_first': False, 'cmake_force_configure': False, 'cmake_target': None, 'cmake_target_skip_unavailable': False, 'install_base': '/home/utpalkumar/rover_project/install/rover_interfaces', 'merge_install': False, 'path': '/home/utpalkumar/rover_project/src/rover_interfaces', 'symlink_install': False, 'test_result_base': None}
[0.110s] Level 5:colcon.colcon_core.verb:set package 'rover_operation' build argument 'cmake_args' from command line to 'None'
[0.110s] Level 5:colcon.colcon_core.verb:set package 'rover_operation' build argument 'cmake_target' from command line to 'None'
[0.110s] Level 5:colcon.colcon_core.verb:set package 'rover_operation' build argument 'cmake_target_skip_unavailable' from command line to 'False'
[0.110s] Level 5:colcon.colcon_core.verb:set package 'rover_operation' build argument 'cmake_clean_cache' from command line to 'False'
[0.110s] Level 5:colcon.colcon_core.verb:set package 'rover_operation' build argument 'cmake_clean_first' from command line to 'False'
[0.110s] Level 5:colcon.colcon_core.verb:set package 'rover_operation' build argument 'cmake_force_configure' from command line to 'False'
[0.110s] Level 5:colcon.colcon_core.verb:set package 'rover_operation' build argument 'ament_cmake_args' from command line to 'None'
[0.110s] Level 5:colcon.colcon_core.verb:set package 'rover_operation' build argument 'catkin_cmake_args' from command line to 'None'
[0.110s] Level 5:colcon.colcon_core.verb:set package 'rover_operation' build argument 'catkin_skip_building_tests' from command line to 'False'
[0.110s] DEBUG:colcon.colcon_core.verb:Building package 'rover_operation' with the following arguments: {'ament_cmake_args': None, 'build_base': '/home/utpalkumar/rover_project/build/rover_operation', 'catkin_cmake_args': None, 'catkin_skip_building_tests': False, 'cmake_args': None, 'cmake_clean_cache': False, 'cmake_clean_first': False, 'cmake_force_configure': False, 'cmake_target': None, 'cmake_target_skip_unavailable': False, 'install_base': '/home/utpalkumar/rover_project/install/rover_operation', 'merge_install': False, 'path': '/home/utpalkumar/rover_project/src/rover_operation', 'symlink_install': False, 'test_result_base': None}
[0.110s] INFO:colcon.colcon_core.executor:Executing jobs using 'parallel' executor
[0.110s] DEBUG:colcon.colcon_parallel_executor.executor.parallel:run_until_complete
[0.110s] INFO:colcon.colcon_ros.task.ament_python.build:Building ROS package in '/home/utpalkumar/rover_project/src/my_package' with build type 'ament_python'
[0.110s] Level 1:colcon.colcon_core.shell:create_environment_hook('my_package', 'ament_prefix_path')
[0.111s] INFO:colcon.colcon_core.plugin_system:Skipping extension 'colcon_core.shell.bat': Not used on non-Windows systems
[0.111s] INFO:colcon.colcon_core.shell:Creating environment hook '/home/utpalkumar/rover_project/install/my_package/share/my_package/hook/ament_prefix_path.ps1'
[0.112s] INFO:colcon.colcon_core.shell:Creating environment descriptor '/home/utpalkumar/rover_project/install/my_package/share/my_package/hook/ament_prefix_path.dsv'
[0.112s] INFO:colcon.colcon_core.shell:Creating environment hook '/home/utpalkumar/rover_project/install/my_package/share/my_package/hook/ament_prefix_path.sh'
[0.112s] INFO:colcon.colcon_core.shell:Skip shell extension 'powershell' for command environment: Not usable outside of PowerShell
[0.112s] DEBUG:colcon.colcon_core.shell:Skip shell extension 'dsv' for command environment
[0.114s] INFO:colcon.colcon_ros.task.ament_cmake.build:Building ROS package in '/home/utpalkumar/rover_project/src/rover_interfaces' with build type 'ament_cmake'
[0.114s] INFO:colcon.colcon_cmake.task.cmake.build:Building CMake package in '/home/utpalkumar/rover_project/src/rover_interfaces'
[0.114s] INFO:colcon.colcon_core.shell:Skip shell extension 'powershell' for command environment: Not usable outside of PowerShell
[0.114s] DEBUG:colcon.colcon_core.shell:Skip shell extension 'dsv' for command environment
[0.115s] INFO:colcon.colcon_ros.task.ament_python.build:Building ROS package in '/home/utpalkumar/rover_project/src/rover_operation' with build type 'ament_python'
[0.115s] Level 1:colcon.colcon_core.shell:create_environment_hook('rover_operation', 'ament_prefix_path')
[0.115s] INFO:colcon.colcon_core.shell:Creating environment hook '/home/utpalkumar/rover_project/install/rover_operation/share/rover_operation/hook/ament_prefix_path.ps1'
[0.115s] INFO:colcon.colcon_core.shell:Creating environment descriptor '/home/utpalkumar/rover_project/install/rover_operation/share/rover_operation/hook/ament_prefix_path.dsv'
[0.115s] INFO:colcon.colcon_core.shell:Creating environment hook '/home/utpalkumar/rover_project/install/rover_operation/share/rover_operation/hook/ament_prefix_path.sh'
[0.116s] INFO:colcon.colcon_core.shell:Skip shell extension 'powershell' for command environment: Not usable outside of PowerShell
[0.116s] DEBUG:colcon.colcon_core.shell:Skip shell extension 'dsv' for command environment
[0.218s] INFO:colcon.colcon_core.task.python.build:Building Python package in '/home/utpalkumar/rover_project/src/my_package'
[0.218s] INFO:colcon.colcon_core.shell:Skip shell extension 'powershell' for command environment: Not usable outside of PowerShell
[0.218s] DEBUG:colcon.colcon_core.shell:Skip shell extension 'dsv' for command environment
[0.222s] DEBUG:colcon.colcon_core.event_handler.log_command:Invoking command in '/home/utpalkumar/rover_project/build/rover_interfaces': CMAKE_PREFIX_PATH=${CMAKE_PREFIX_PATH}:/opt/ros/jazzy DEBUGINFOD_URLS=https://debuginfod.ubuntu.com /usr/bin/cmake /home/utpalkumar/rover_project/src/rover_interfaces -DCMAKE_INSTALL_PREFIX=/home/utpalkumar/rover_project/install/rover_interfaces
[0.324s] INFO:colcon.colcon_core.task.python.build:Building Python package in '/home/utpalkumar/rover_project/src/rover_operation'
[0.324s] INFO:colcon.colcon_core.shell:Skip shell extension 'powershell' for command environment: Not usable outside of PowerShell
[0.324s] DEBUG:colcon.colcon_core.shell:Skip shell extension 'dsv' for command environment
[0.442s] DEBUG:colcon.colcon_core.event_handler.log_command:Invoked command in '/home/utpalkumar/rover_project/build/rover_interfaces' returned '0': CMAKE_PREFIX_PATH=${CMAKE_PREFIX_PATH}:/opt/ros/jazzy DEBUGINFOD_URLS=https://debuginfod.ubuntu.com /usr/bin/cmake /home/utpalkumar/rover_project/src/rover_interfaces -DCMAKE_INSTALL_PREFIX=/home/utpalkumar/rover_project/install/rover_interfaces
[0.442s] DEBUG:colcon.colcon_core.event_handler.log_command:Invoking command in '/home/utpalkumar/rover_project/build/rover_interfaces': CMAKE_PREFIX_PATH=${CMAKE_PREFIX_PATH}:/opt/ros/jazzy DEBUGINFOD_URLS=https://debuginfod.ubuntu.com /usr/bin/cmake --build /home/utpalkumar/rover_project/build/rover_interfaces -- -j24 -l24
[0.466s] DEBUG:colcon.colcon_core.event_handler.log_command:Invoked command in '/home/utpalkumar/rover_project/build/rover_interfaces' returned '0': CMAKE_PREFIX_PATH=${CMAKE_PREFIX_PATH}:/opt/ros/jazzy DEBUGINFOD_URLS=https://debuginfod.ubuntu.com /usr/bin/cmake --build /home/utpalkumar/rover_project/build/rover_interfaces -- -j24 -l24
[0.485s] DEBUG:colcon.colcon_core.event_handler.log_command:Invoking command in '/home/utpalkumar/rover_project/build/rover_interfaces': CMAKE_PREFIX_PATH=${CMAKE_PREFIX_PATH}:/opt/ros/jazzy DEBUGINFOD_URLS=https://debuginfod.ubuntu.com /usr/bin/cmake --install /home/utpalkumar/rover_project/build/rover_interfaces
[0.492s] Level 1:colcon.colcon_core.environment:create_environment_scripts_only(rover_interfaces)
[0.492s] DEBUG:colcon.colcon_core.event_handler.log_command:Invoked command in '/home/utpalkumar/rover_project/build/rover_interfaces' returned '0': CMAKE_PREFIX_PATH=${CMAKE_PREFIX_PATH}:/opt/ros/jazzy DEBUGINFOD_URLS=https://debuginfod.ubuntu.com /usr/bin/cmake --install /home/utpalkumar/rover_project/build/rover_interfaces
[0.493s] Level 1:colcon.colcon_core.environment:checking '/home/utpalkumar/rover_project/install/rover_interfaces' for CMake module files
[0.493s] Level 1:colcon.colcon_core.environment:checking '/home/utpalkumar/rover_project/install/rover_interfaces' for CMake config files
[0.493s] Level 1:colcon.colcon_core.shell:create_environment_hook('rover_interfaces', 'cmake_prefix_path')
[0.493s] INFO:colcon.colcon_core.shell:Creating environment hook '/home/utpalkumar/rover_project/install/rover_interfaces/share/rover_interfaces/hook/cmake_prefix_path.ps1'
[0.494s] INFO:colcon.colcon_core.shell:Creating environment descriptor '/home/utpalkumar/rover_project/install/rover_interfaces/share/rover_interfaces/hook/cmake_prefix_path.dsv'
[0.494s] INFO:colcon.colcon_core.shell:Creating environment hook '/home/utpalkumar/rover_project/install/rover_interfaces/share/rover_interfaces/hook/cmake_prefix_path.sh'
[0.494s] Level 1:colcon.colcon_core.environment:checking '/home/utpalkumar/rover_project/install/rover_interfaces/bin'
[0.494s] Level 1:colcon.colcon_core.environment:checking '/home/utpalkumar/rover_project/install/rover_interfaces/lib/pkgconfig/rover_interfaces.pc'
[0.494s] Level 1:colcon.colcon_core.environment:checking '/home/utpalkumar/rover_project/install/rover_interfaces/lib/python3.12/site-packages'
[0.494s] Level 1:colcon.colcon_core.environment:checking '/home/utpalkumar/rover_project/install/rover_interfaces/bin'
[0.494s] INFO:colcon.colcon_core.shell:Creating package script '/home/utpalkumar/rover_project/install/rover_interfaces/share/rover_interfaces/package.ps1'
[0.495s] INFO:colcon.colcon_core.shell:Creating package descriptor '/home/utpalkumar/rover_project/install/rover_interfaces/share/rover_interfaces/package.dsv'
[0.495s] INFO:colcon.colcon_core.shell:Creating package script '/home/utpalkumar/rover_project/install/rover_interfaces/share/rover_interfaces/package.sh'
[0.495s] INFO:colcon.colcon_core.shell:Creating package script '/home/utpalkumar/rover_project/install/rover_interfaces/share/rover_interfaces/package.bash'
[0.495s] INFO:colcon.colcon_core.shell:Creating package script '/home/utpalkumar/rover_project/install/rover_interfaces/share/rover_interfaces/package.zsh'
[0.495s] Level 1:colcon.colcon_core.environment:create_file_with_runtime_dependencies(/home/utpalkumar/rover_project/install/rover_interfaces/share/colcon-core/packages/rover_interfaces)
[0.506s] Level 1:colcon.colcon_core.environment:create_environment_scripts_only(rover_interfaces)
[0.506s] Level 1:colcon.colcon_core.environment:checking '/home/utpalkumar/rover_project/install/rover_interfaces' for CMake module files
[0.506s] Level 1:colcon.colcon_core.environment:checking '/home/utpalkumar/rover_project/install/rover_interfaces' for CMake config files
[0.506s] Level 1:colcon.colcon_core.shell:create_environment_hook('rover_interfaces', 'cmake_prefix_path')
[0.506s] INFO:colcon.colcon_core.shell:Creating environment hook '/home/utpalkumar/rover_project/install/rover_interfaces/share/rover_interfaces/hook/cmake_prefix_path.ps1'
[0.506s] INFO:colcon.colcon_core.shell:Creating environment descriptor '/home/utpalkumar/rover_project/install/rover_interfaces/share/rover_interfaces/hook/cmake_prefix_path.dsv'
[0.506s] INFO:colcon.colcon_core.shell:Creating environment hook '/home/utpalkumar/rover_project/install/rover_interfaces/share/rover_interfaces/hook/cmake_prefix_path.sh'
[0.507s] Level 1:colcon.colcon_core.environment:checking '/home/utpalkumar/rover_project/install/rover_interfaces/bin'
[0.507s] Level 1:colcon.colcon_core.environment:checking '/home/utpalkumar/rover_project/install/rover_interfaces/lib/pkgconfig/rover_interfaces.pc'
[0.507s] Level 1:colcon.colcon_core.environment:checking '/home/utpalkumar/rover_project/install/rover_interfaces/lib/python3.12/site-packages'
[0.507s] Level 1:colcon.colcon_core.environment:checking '/home/utpalkumar/rover_project/install/rover_interfaces/bin'
[0.507s] INFO:colcon.colcon_core.shell:Creating package script '/home/utpalkumar/rover_project/install/rover_interfaces/share/rover_interfaces/package.ps1'
[0.507s] INFO:colcon.colcon_core.shell:Creating package descriptor '/home/utpalkumar/rover_project/install/rover_interfaces/share/rover_interfaces/package.dsv'
[0.507s] INFO:colcon.colcon_core.shell:Creating package script '/home/utpalkumar/rover_project/install/rover_interfaces/share/rover_interfaces/package.sh'
[0.507s] INFO:colcon.colcon_core.shell:Creating package script '/home/utpalkumar/rover_project/install/rover_interfaces/share/rover_interfaces/package.bash'
[0.508s] INFO:colcon.colcon_core.shell:Creating package script '/home/utpalkumar/rover_project/install/rover_interfaces/share/rover_interfaces/package.zsh'
[0.508s] Level 1:colcon.colcon_core.environment:create_file_with_runtime_dependencies(/home/utpalkumar/rover_project/install/rover_interfaces/share/colcon-core/packages/rover_interfaces)
[0.580s] DEBUG:colcon.colcon_core.event_handler.log_command:Invoking command in '/home/utpalkumar/rover_project/src/my_package': DEBUGINFOD_URLS=https://debuginfod.ubuntu.com PYTHONPATH=/home/utpalkumar/rover_project/build/my_package/prefix_override:/usr/lib/python3/dist-packages/colcon_core/task/python/colcon_distutils_commands:/home/utpalkumar/rover_project/install/my_package/lib/python3.12/site-packages:${PYTHONPATH} /usr/bin/python3 -W ignore:setup.py install is deprecated setup.py egg_info --egg-base ../../build/my_package build --build-base /home/utpalkumar/rover_project/build/my_package/build install --record /home/utpalkumar/rover_project/build/my_package/install.log --single-version-externally-managed install_data
[0.582s] DEBUG:colcon.colcon_core.event_handler.log_command:Invoking command in '/home/utpalkumar/rover_project/src/rover_operation': DEBUGINFOD_URLS=https://debuginfod.ubuntu.com PYTHONPATH=/home/utpalkumar/rover_project/build/rover_operation/prefix_override:/usr/lib/python3/dist-packages/colcon_core/task/python/colcon_distutils_commands:/home/utpalkumar/rover_project/install/rover_operation/lib/python3.12/site-packages:${PYTHONPATH} /usr/bin/python3 -W ignore:setup.py install is deprecated setup.py egg_info --egg-base ../../build/rover_operation build --build-base /home/utpalkumar/rover_project/build/rover_operation/build install --record /home/utpalkumar/rover_project/build/rover_operation/install.log --single-version-externally-managed install_data
[0.808s] Level 1:colcon.colcon_core.environment:checking '/home/utpalkumar/rover_project/install/my_package' for CMake module files
[0.808s] DEBUG:colcon.colcon_core.event_handler.log_command:Invoked command in '/home/utpalkumar/rover_project/src/my_package' returned '0': DEBUGINFOD_URLS=https://debuginfod.ubuntu.com PYTHONPATH=/home/utpalkumar/rover_project/build/my_package/prefix_override:/usr/lib/python3/dist-packages/colcon_core/task/python/colcon_distutils_commands:/home/utpalkumar/rover_project/install/my_package/lib/python3.12/site-packages:${PYTHONPATH} /usr/bin/python3 -W ignore:setup.py install is deprecated setup.py egg_info --egg-base ../../build/my_package build --build-base /home/utpalkumar/rover_project/build/my_package/build install --record /home/utpalkumar/rover_project/build/my_package/install.log --single-version-externally-managed install_data
[0.808s] Level 1:colcon.colcon_core.environment:checking '/home/utpalkumar/rover_project/install/my_package' for CMake config files
[0.809s] Level 1:colcon.colcon_core.environment:checking '/home/utpalkumar/rover_project/install/my_package/lib'
[0.809s] Level 1:colcon.colcon_core.environment:checking '/home/utpalkumar/rover_project/install/my_package/bin'
[0.809s] Level 1:colcon.colcon_core.environment:checking '/home/utpalkumar/rover_project/install/my_package/lib/pkgconfig/my_package.pc'
[0.809s] Level 1:colcon.colcon_core.environment:checking '/home/utpalkumar/rover_project/install/my_package/lib/python3.12/site-packages'
[0.809s] Level 1:colcon.colcon_core.shell:create_environment_hook('my_package', 'pythonpath')
[0.809s] INFO:colcon.colcon_core.shell:Creating environment hook '/home/utpalkumar/rover_project/install/my_package/share/my_package/hook/pythonpath.ps1'
[0.809s] INFO:colcon.colcon_core.shell:Creating environment descriptor '/home/utpalkumar/rover_project/install/my_package/share/my_package/hook/pythonpath.dsv'
[0.809s] INFO:colcon.colcon_core.shell:Creating environment hook '/home/utpalkumar/rover_project/install/my_package/share/my_package/hook/pythonpath.sh'
[0.809s] Level 1:colcon.colcon_core.environment:checking '/home/utpalkumar/rover_project/install/my_package/bin'
[0.809s] Level 1:colcon.colcon_core.environment:create_environment_scripts_only(my_package)
[0.810s] INFO:colcon.colcon_core.shell:Creating package script '/home/utpalkumar/rover_project/install/my_package/share/my_package/package.ps1'
[0.810s] INFO:colcon.colcon_core.shell:Creating package descriptor '/home/utpalkumar/rover_project/install/my_package/share/my_package/package.dsv'
[0.810s] INFO:colcon.colcon_core.shell:Creating package script '/home/utpalkumar/rover_project/install/my_package/share/my_package/package.sh'
[0.810s] INFO:colcon.colcon_core.shell:Creating package script '/home/utpalkumar/rover_project/install/my_package/share/my_package/package.bash'
[0.810s] INFO:colcon.colcon_core.shell:Creating package script '/home/utpalkumar/rover_project/install/my_package/share/my_package/package.zsh'
[0.810s] Level 1:colcon.colcon_core.environment:create_file_with_runtime_dependencies(/home/utpalkumar/rover_project/install/my_package/share/colcon-core/packages/my_package)
[0.812s] Level 1:colcon.colcon_core.environment:checking '/home/utpalkumar/rover_project/install/rover_operation' for CMake module files
[0.812s] DEBUG:colcon.colcon_core.event_handler.log_command:Invoked command in '/home/utpalkumar/rover_project/src/rover_operation' returned '0': DEBUGINFOD_URLS=https://debuginfod.ubuntu.com PYTHONPATH=/home/utpalkumar/rover_project/build/rover_operation/prefix_override:/usr/lib/python3/dist-packages/colcon_core/task/python/colcon_distutils_commands:/home/utpalkumar/rover_project/install/rover_operation/lib/python3.12/site-packages:${PYTHONPATH} /usr/bin/python3 -W ignore:setup.py install is deprecated setup.py egg_info --egg-base ../../build/rover_operation build --build-base /home/utpalkumar/rover_project/build/rover_operation/build install --record /home/utpalkumar/rover_project/build/rover_operation/install.log --single-version-externally-managed install_data
[0.813s] Level 1:colcon.colcon_core.environment:checking '/home/utpalkumar/rover_project/install/rover_operation' for CMake config files
[0.813s] Level 1:colcon.colcon_core.environment:checking '/home/utpalkumar/rover_project/install/rover_operation/lib'
[0.813s] Level 1:colcon.colcon_core.environment:checking '/home/utpalkumar/rover_project/install/rover_operation/bin'
[0.813s] Level 1:colcon.colcon_core.environment:checking '/home/utpalkumar/rover_project/install/rover_operation/lib/pkgconfig/rover_operation.pc'
[0.813s] Level 1:colcon.colcon_core.environment:checking '/home/utpalkumar/rover_project/install/rover_operation/lib/python3.12/site-packages'
[0.813s] Level 1:colcon.colcon_core.shell:create_environment_hook('rover_operation', 'pythonpath')
[0.813s] INFO:colcon.colcon_core.shell:Creating environment hook '/home/utpalkumar/rover_project/install/rover_operation/share/rover_operation/hook/pythonpath.ps1'
[0.813s] INFO:colcon.colcon_core.shell:Creating environment descriptor '/home/utpalkumar/rover_project/install/rover_operation/share/rover_operation/hook/pythonpath.dsv'
[0.813s] INFO:colcon.colcon_core.shell:Creating environment hook '/home/utpalkumar/rover_project/install/rover_operation/share/rover_operation/hook/pythonpath.sh'
[0.814s] Level 1:colcon.colcon_core.environment:checking '/home/utpalkumar/rover_project/install/rover_operation/bin'
[0.814s] Level 1:colcon.colcon_core.environment:create_environment_scripts_only(rover_operation)
[0.814s] INFO:colcon.colcon_core.shell:Creating package script '/home/utpalkumar/rover_project/install/rover_operation/share/rover_operation/package.ps1'
[0.814s] INFO:colcon.colcon_core.shell:Creating package descriptor '/home/utpalkumar/rover_project/install/rover_operation/share/rover_operation/package.dsv'
[0.814s] INFO:colcon.colcon_core.shell:Creating package script '/home/utpalkumar/rover_project/install/rover_operation/share/rover_operation/package.sh'
[0.814s] INFO:colcon.colcon_core.shell:Creating package script '/home/utpalkumar/rover_project/install/rover_operation/share/rover_operation/package.bash'
[0.814s] INFO:colcon.colcon_core.shell:Creating package script '/home/utpalkumar/rover_project/install/rover_operation/share/rover_operation/package.zsh'
[0.814s] Level 1:colcon.colcon_core.environment:create_file_with_runtime_dependencies(/home/utpalkumar/rover_project/install/rover_operation/share/colcon-core/packages/rover_operation)
[0.814s] DEBUG:colcon.colcon_parallel_executor.executor.parallel:closing loop
[0.815s] DEBUG:colcon.colcon_parallel_executor.executor.parallel:loop closed
[0.815s] DEBUG:colcon.colcon_parallel_executor.executor.parallel:run_until_complete finished with '0'
[0.815s] DEBUG:colcon.colcon_core.event_reactor:joining thread
[0.817s] INFO:colcon.colcon_core.plugin_system:Skipping extension 'colcon_notification.desktop_notification.terminal_notifier': Not used on non-Darwin systems
[0.818s] INFO:colcon.colcon_core.plugin_system:Skipping extension 'colcon_notification.desktop_notification.win32': Not used on non-Windows systems
[0.818s] INFO:colcon.colcon_notification.desktop_notification:Sending desktop notification using 'notify2'
[0.826s] DEBUG:colcon.colcon_core.event_reactor:joined thread
[0.826s] INFO:colcon.colcon_core.shell:Creating prefix script '/home/utpalkumar/rover_project/install/local_setup.ps1'
[0.827s] INFO:colcon.colcon_core.shell:Creating prefix util module '/home/utpalkumar/rover_project/install/_local_setup_util_ps1.py'
[0.827s] INFO:colcon.colcon_core.shell:Creating prefix chain script '/home/utpalkumar/rover_project/install/setup.ps1'
[0.827s] INFO:colcon.colcon_core.shell:Creating prefix script '/home/utpalkumar/rover_project/install/local_setup.sh'
[0.827s] INFO:colcon.colcon_core.shell:Creating prefix util module '/home/utpalkumar/rover_project/install/_local_setup_util_sh.py'
[0.828s] INFO:colcon.colcon_core.shell:Creating prefix chain script '/home/utpalkumar/rover_project/install/setup.sh'
[0.828s] INFO:colcon.colcon_core.shell:Creating prefix script '/home/utpalkumar/rover_project/install/local_setup.bash'
[0.828s] INFO:colcon.colcon_core.shell:Creating prefix chain script '/home/utpalkumar/rover_project/install/setup.bash'
[0.828s] INFO:colcon.colcon_core.shell:Creating prefix script '/home/utpalkumar/rover_project/install/local_setup.zsh'
[0.828s] INFO:colcon.colcon_core.shell:Creating prefix chain script '/home/utpalkumar/rover_project/install/setup.zsh'
