[0.378s] Invoking command in '/home/dsu-aiml-509-37/rover_project/src/my_package': PYTHONPATH=/home/dsu-aiml-509-37/rover_project/build/my_package/prefix_override:/usr/lib/python3/dist-packages/colcon_core/task/python/colcon_distutils_commands:/home/dsu-aiml-509-37/rover_project/install/my_package/lib/python3.10/site-packages:${PYTHONPATH} /usr/bin/python3 -W ignore:setup.py install is deprecated setup.py egg_info --egg-base ../../build/my_package build --build-base /home/dsu-aiml-509-37/rover_project/build/my_package/build install --record /home/dsu-aiml-509-37/rover_project/build/my_package/install.log --single-version-externally-managed install_data
[0.478s] running egg_info
[0.479s] writing ../../build/my_package/my_package.egg-info/PKG-INFO
[0.479s] writing dependency_links to ../../build/my_package/my_package.egg-info/dependency_links.txt
[0.479s] writing entry points to ../../build/my_package/my_package.egg-info/entry_points.txt
[0.479s] writing requirements to ../../build/my_package/my_package.egg-info/requires.txt
[0.479s] writing top-level names to ../../build/my_package/my_package.egg-info/top_level.txt
[0.480s] reading manifest file '../../build/my_package/my_package.egg-info/SOURCES.txt'
[0.480s] writing manifest file '../../build/my_package/my_package.egg-info/SOURCES.txt'
[0.480s] running build
[0.480s] running build_py
[0.481s] running install
[0.481s] running install_lib
[0.481s] running install_data
[0.482s] running install_egg_info
[0.482s] removing '/home/dsu-aiml-509-37/rover_project/install/my_package/lib/python3.10/site-packages/my_package-0.0.0-py3.10.egg-info' (and everything under it)
[0.482s] Copying ../../build/my_package/my_package.egg-info to /home/dsu-aiml-509-37/rover_project/install/my_package/lib/python3.10/site-packages/my_package-0.0.0-py3.10.egg-info
[0.483s] running install_scripts
[0.492s] Installing my_node script to /home/dsu-aiml-509-37/rover_project/install/my_package/lib/my_package
[0.494s] writing list of installed files to '/home/dsu-aiml-509-37/rover_project/build/my_package/install.log'
[0.511s] Invoked command in '/home/dsu-aiml-509-37/rover_project/src/my_package' returned '0': PYTHONPATH=/home/dsu-aiml-509-37/rover_project/build/my_package/prefix_override:/usr/lib/python3/dist-packages/colcon_core/task/python/colcon_distutils_commands:/home/dsu-aiml-509-37/rover_project/install/my_package/lib/python3.10/site-packages:${PYTHONPATH} /usr/bin/python3 -W ignore:setup.py install is deprecated setup.py egg_info --egg-base ../../build/my_package build --build-base /home/dsu-aiml-509-37/rover_project/build/my_package/build install --record /home/dsu-aiml-509-37/rover_project/build/my_package/install.log --single-version-externally-managed install_data
