[0.085s] Invoking command in '/home/utpalkumar/rover_project/build/rover_interfaces': DEBUGINFOD_URLS=https://debuginfod.ubuntu.com /usr/bin/cmake /home/utpalkumar/rover_project/src/rover_interfaces -DCMAKE_INSTALL_PREFIX=/home/utpalkumar/rover_project/install/rover_interfaces
[0.193s] -- The C compiler identification is GNU 13.2.0
[0.280s] -- The CXX compiler identification is GNU 13.2.0
[0.292s] -- Detecting C compiler ABI info
[0.348s] -- Detecting C compiler ABI info - done
[0.356s] -- Check for working C compiler: /usr/bin/cc - skipped
[0.356s] -- Detecting C compile features
[0.356s] -- Detecting C compile features - done
[0.363s] -- Detecting CXX compiler ABI info
[0.420s] -- Detecting CXX compiler ABI info - done
[0.426s] -- Check for working CXX compiler: /usr/bin/c++ - skipped
[0.426s] -- Detecting CXX compile features
[0.426s] -- Detecting CXX compile features - done
[0.430s] -- Configuring incomplete, errors occurred!
[0.430s] [31mCMake Error at CMakeLists.txt:9 (find_package):
[0.430s]   By not providing "Findament_cmake.cmake" in CMAKE_MODULE_PATH this project
[0.430s]   has asked CMake to find a package configuration file provided by
[0.430s]   "ament_cmake", but CMake did not find one.
[0.430s] 
[0.431s]   Could not find a package configuration file provided by "ament_cmake" with
[0.431s]   any of the following names:
[0.431s] 
[0.431s]     ament_cmakeConfig.cmake
[0.431s]     ament_cmake-config.cmake
[0.431s] 
[0.431s]   Add the installation prefix of "ament_cmake" to CMAKE_PREFIX_PATH or set
[0.431s]   "ament_cmake_DIR" to a directory containing one of the above files.  If
[0.431s]   "ament_cmake" provides a separate development package or SDK, be sure it
[0.431s]   has been installed.
[0.431s] 
[0.431s] [0m
[0.432s] Invoked command in '/home/utpalkumar/rover_project/build/rover_interfaces' returned '1': DEBUGINFOD_URLS=https://debuginfod.ubuntu.com /usr/bin/cmake /home/utpalkumar/rover_project/src/rover_interfaces -DCMAKE_INSTALL_PREFIX=/home/utpalkumar/rover_project/install/rover_interfaces
