[0.434s] Invoking command in '/home/utpalkumar/rover_project/src/my_package': DEBUGINFOD_URLS=https://debuginfod.ubuntu.com PYTHONPATH=/home/utpalkumar/rover_project/build/my_package/prefix_override:/usr/lib/python3/dist-packages/colcon_core/task/python/colcon_distutils_commands:/home/utpalkumar/rover_project/install/my_package/lib/python3.12/site-packages: /usr/bin/python3 -W ignore:setup.py install is deprecated setup.py egg_info --egg-base ../../build/my_package build --build-base /home/utpalkumar/rover_project/build/my_package/build install --record /home/utpalkumar/rover_project/build/my_package/install.log --single-version-externally-managed install_data
[0.524s] running egg_info
[0.529s] writing ../../build/my_package/my_package.egg-info/PKG-INFO
[0.529s] writing dependency_links to ../../build/my_package/my_package.egg-info/dependency_links.txt
[0.529s] writing entry points to ../../build/my_package/my_package.egg-info/entry_points.txt
[0.529s] writing requirements to ../../build/my_package/my_package.egg-info/requires.txt
[0.529s] writing top-level names to ../../build/my_package/my_package.egg-info/top_level.txt
[0.538s] reading manifest file '../../build/my_package/my_package.egg-info/SOURCES.txt'
[0.538s] writing manifest file '../../build/my_package/my_package.egg-info/SOURCES.txt'
[0.538s] running build
[0.538s] running build_py
[0.538s] running install
[0.541s] running install_lib
[0.546s] creating /home/utpalkumar/rover_project/install/my_package/lib/python3.12/site-packages/my_package
[0.546s] copying /home/utpalkumar/rover_project/build/my_package/build/lib/my_package/__init__.py -> /home/utpalkumar/rover_project/install/my_package/lib/python3.12/site-packages/my_package
[0.546s] copying /home/utpalkumar/rover_project/build/my_package/build/lib/my_package/my_node.py -> /home/utpalkumar/rover_project/install/my_package/lib/python3.12/site-packages/my_package
[0.546s] byte-compiling /home/utpalkumar/rover_project/install/my_package/lib/python3.12/site-packages/my_package/__init__.py to __init__.cpython-312.pyc
[0.546s] byte-compiling /home/utpalkumar/rover_project/install/my_package/lib/python3.12/site-packages/my_package/my_node.py to my_node.cpython-312.pyc
[0.546s] running install_data
[0.546s] running install_egg_info
[0.551s] Copying ../../build/my_package/my_package.egg-info to /home/utpalkumar/rover_project/install/my_package/lib/python3.12/site-packages/my_package-0.0.0-py3.12.egg-info
[0.551s] running install_scripts
[0.590s] Installing my_node script to /home/utpalkumar/rover_project/install/my_package/lib/my_package
[0.590s] writing list of installed files to '/home/utpalkumar/rover_project/build/my_package/install.log'
